[0mCompiling "target/cljsbuild/public/js/app.js" from ("src/cljc" "src/cljs" "env/dev/cljs")...
notifying browser that file changed:  target/cljsbuild/public/js/out/goog/deps.js
notifying browser that file changed:  target/cljsbuild/public/js/out/cljs_deps.js
notifying browser that file changed:  out/guestbook/core.js
[32mSuccessfully compiled "target/cljsbuild/public/js/app.js" in 1.707 seconds.[0m
[0mCompiling "target/cljsbuild/public/js/app.js" from ("src/cljc" "src/cljs" "env/dev/cljs")...
notifying browser that file changed:  target/cljsbuild/public/js/out/goog/deps.js
notifying browser that file changed:  target/cljsbuild/public/js/out/cljs_deps.js
notifying browser that file changed:  out/guestbook/core.js
[32mSuccessfully compiled "target/cljsbuild/public/js/app.js" in 3.16 seconds.[0m
[0mCompiling "target/cljsbuild/public/js/app.js" from ("src/cljc" "src/cljs" "env/dev/cljs")...
notifying browser that file changed:  out/guestbook/core.js
[32mSuccessfully compiled "target/cljsbuild/public/js/app.js" in 0.218 seconds.[0m
[0mCompiling "target/cljsbuild/public/js/app.js" from ("src/cljc" "src/cljs" "env/dev/cljs")...
notifying browser that file changed:  out/guestbook/core.js
[32mSuccessfully compiled "target/cljsbuild/public/js/app.js" in 0.259 seconds.[0m
[0mCompiling "target/cljsbuild/public/js/app.js" from ("src/cljc" "src/cljs" "env/dev/cljs")...
notifying browser that file changed:  out/guestbook/core.js
[32mSuccessfully compiled "target/cljsbuild/public/js/app.js" in 0.225 seconds.[0m
[0mCompiling "target/cljsbuild/public/js/app.js" from ("src/cljc" "src/cljs" "env/dev/cljs")...
WARNING: Use of undeclared Var guestbook.core/jumbo at line 21 /home/ansku/sorsat/guestbook/guestbook/src/cljs/guestbook/core.cljs
notifying browser that file changed:  out/guestbook/core.js
[32mSuccessfully compiled "target/cljsbuild/public/js/app.js" in 0.311 seconds.[0m
[0mCompiling "target/cljsbuild/public/js/app.js" from ("src/cljc" "src/cljs" "env/dev/cljs")...
WARNING: Use of undeclared Var guestbook.core/jumbo at line 24 /home/ansku/sorsat/guestbook/guestbook/src/cljs/guestbook/core.cljs
notifying browser that file changed:  out/guestbook/core.js
[32mSuccessfully compiled "target/cljsbuild/public/js/app.js" in 0.265 seconds.[0m
[0mCompiling "target/cljsbuild/public/js/app.js" from ("src/cljc" "src/cljs" "env/dev/cljs")...
WARNING: Use of undeclared Var guestbook.core/message at line 17 /home/ansku/sorsat/guestbook/guestbook/src/cljs/guestbook/core.cljs
WARNING: Use of undeclared Var guestbook.core/message at line 17 /home/ansku/sorsat/guestbook/guestbook/src/cljs/guestbook/core.cljs
WARNING: Use of undeclared Var guestbook.core/jumbo at line 25 /home/ansku/sorsat/guestbook/guestbook/src/cljs/guestbook/core.cljs
notifying browser that file changed:  out/guestbook/core.js
[32mSuccessfully compiled "target/cljsbuild/public/js/app.js" in 0.326 seconds.[0m
[0mCompiling "target/cljsbuild/public/js/app.js" from ("src/cljc" "src/cljs" "env/dev/cljs")...
WARNING: Use of undeclared Var guestbook.core/message at line 17 /home/ansku/sorsat/guestbook/guestbook/src/cljs/guestbook/core.cljs
WARNING: Use of undeclared Var guestbook.core/message at line 17 /home/ansku/sorsat/guestbook/guestbook/src/cljs/guestbook/core.cljs
notifying browser that file changed:  out/guestbook/core.js
[32mSuccessfully compiled "target/cljsbuild/public/js/app.js" in 0.283 seconds.[0m
[0mCompiling "target/cljsbuild/public/js/app.js" from ("src/cljc" "src/cljs" "env/dev/cljs")...
notifying browser that file changed:  out/guestbook/core.js
[32mSuccessfully compiled "target/cljsbuild/public/js/app.js" in 0.258 seconds.[0m
[0mCompiling "target/cljsbuild/public/js/app.js" from ("src/cljc" "src/cljs" "env/dev/cljs")...
WARNING: Use of undeclared Var guestbook.core/message at line 17 /home/ansku/sorsat/guestbook/guestbook/src/cljs/guestbook/core.cljs
WARNING: Use of undeclared Var guestbook.core/message at line 17 /home/ansku/sorsat/guestbook/guestbook/src/cljs/guestbook/core.cljs
notifying browser that file changed:  out/guestbook/core.js
[32mSuccessfully compiled "target/cljsbuild/public/js/app.js" in 0.534 seconds.[0m
[0mCompiling "target/cljsbuild/public/js/app.js" from ("src/cljc" "src/cljs" "env/dev/cljs")...
notifying browser that file changed:  out/guestbook/core.js
[32mSuccessfully compiled "target/cljsbuild/public/js/app.js" in 0.27 seconds.[0m
[0mCompiling "target/cljsbuild/public/js/app.js" from ("src/cljc" "src/cljs" "env/dev/cljs")...
notifying browser that file changed:  out/guestbook/core.js
[32mSuccessfully compiled "target/cljsbuild/public/js/app.js" in 0.211 seconds.[0m
[0mCompiling "target/cljsbuild/public/js/app.js" from ("src/cljc" "src/cljs" "env/dev/cljs")...
notifying browser that file changed:  out/guestbook/core.js
[32mSuccessfully compiled "target/cljsbuild/public/js/app.js" in 0.22 seconds.[0m
[0mCompiling "target/cljsbuild/public/js/app.js" from ("src/cljc" "src/cljs" "env/dev/cljs")...
notifying browser that file changed:  out/guestbook/core.js
[32mSuccessfully compiled "target/cljsbuild/public/js/app.js" in 0.215 seconds.[0m
[0mCompiling "target/cljsbuild/public/js/app.js" from ("src/cljc" "src/cljs" "env/dev/cljs")...
notifying browser that file changed:  out/guestbook/core.js
[32mSuccessfully compiled "target/cljsbuild/public/js/app.js" in 0.196 seconds.[0m
[0mCompiling "target/cljsbuild/public/js/app.js" from ("src/cljc" "src/cljs" "env/dev/cljs")...
notifying browser that file changed:  out/guestbook/core.js
[32mSuccessfully compiled "target/cljsbuild/public/js/app.js" in 0.206 seconds.[0m
[0mCompiling "target/cljsbuild/public/js/app.js" from ("src/cljc" "src/cljs" "env/dev/cljs")...
notifying browser that file changed:  out/guestbook/core.js
[32mSuccessfully compiled "target/cljsbuild/public/js/app.js" in 0.199 seconds.[0m
[0mCompiling "target/cljsbuild/public/js/app.js" from ("src/cljc" "src/cljs" "env/dev/cljs")...
[31mCompiling "target/cljsbuild/public/js/app.js" failed.
[0mERROR: Map literal must contain an even number of forms on file /home/ansku/sorsat/guestbook/guestbook/src/cljs/guestbook/core.cljs, line 17, column 29
[32mSuccessfully compiled "target/cljsbuild/public/js/app.js" in 0.325 seconds.[0m
[0mCompiling "target/cljsbuild/public/js/app.js" from ("src/cljc" "src/cljs" "env/dev/cljs")...
notifying browser that file changed:  out/guestbook/core.js
[32mSuccessfully compiled "target/cljsbuild/public/js/app.js" in 0.326 seconds.[0m
[0mCompiling "target/cljsbuild/public/js/app.js" from ("src/cljc" "src/cljs" "env/dev/cljs")...
notifying browser that file changed:  out/guestbook/core.js
[32mSuccessfully compiled "target/cljsbuild/public/js/app.js" in 0.164 seconds.[0m
[0mCompiling "target/cljsbuild/public/js/app.js" from ("src/cljc" "src/cljs" "env/dev/cljs")...
notifying browser that file changed:  out/guestbook/core.js
[32mSuccessfully compiled "target/cljsbuild/public/js/app.js" in 0.171 seconds.[0m
[0mCompiling "target/cljsbuild/public/js/app.js" from ("src/cljc" "src/cljs" "env/dev/cljs")...
notifying browser that file changed:  out/guestbook/core.js
[32mSuccessfully compiled "target/cljsbuild/public/js/app.js" in 0.168 seconds.[0m
[0mCompiling "target/cljsbuild/public/js/app.js" from ("src/cljc" "src/cljs" "env/dev/cljs")...
notifying browser that file changed:  out/guestbook/core.js
[32mSuccessfully compiled "target/cljsbuild/public/js/app.js" in 0.258 seconds.[0m
[0mCompiling "target/cljsbuild/public/js/app.js" from ("src/cljc" "src/cljs" "env/dev/cljs")...
notifying browser that file changed:  out/guestbook/core.js
[32mSuccessfully compiled "target/cljsbuild/public/js/app.js" in 0.168 seconds.[0m
[0mCompiling "target/cljsbuild/public/js/app.js" from ("src/cljc" "src/cljs" "env/dev/cljs")...
notifying browser that file changed:  out/guestbook/core.js
[32mSuccessfully compiled "target/cljsbuild/public/js/app.js" in 0.199 seconds.[0m
[0mCompiling "target/cljsbuild/public/js/app.js" from ("src/cljc" "src/cljs" "env/dev/cljs")...
notifying browser that file changed:  out/guestbook/core.js
[32mSuccessfully compiled "target/cljsbuild/public/js/app.js" in 0.161 seconds.[0m
[0mCompiling "target/cljsbuild/public/js/app.js" from ("src/cljc" "src/cljs" "env/dev/cljs")...
[31mCompiling "target/cljsbuild/public/js/app.js" failed.
[0mERROR: Unmatched delimiter ] on file /home/ansku/sorsat/guestbook/guestbook/src/cljs/guestbook/core.cljs, line 22, column 53
[32mSuccessfully compiled "target/cljsbuild/public/js/app.js" in 0.294 seconds.[0m
[0mCompiling "target/cljsbuild/public/js/app.js" from ("src/cljc" "src/cljs" "env/dev/cljs")...
notifying browser that file changed:  out/guestbook/core.js
[32mSuccessfully compiled "target/cljsbuild/public/js/app.js" in 0.225 seconds.[0m
[0mCompiling "target/cljsbuild/public/js/app.js" from ("src/cljc" "src/cljs" "env/dev/cljs")...
notifying browser that file changed:  out/guestbook/core.js
[32mSuccessfully compiled "target/cljsbuild/public/js/app.js" in 0.208 seconds.[0m
[0mCompiling "target/cljsbuild/public/js/app.js" from ("src/cljc" "src/cljs" "env/dev/cljs")...
notifying browser that file changed:  out/guestbook/core.js
[32mSuccessfully compiled "target/cljsbuild/public/js/app.js" in 0.169 seconds.[0m
[0mCompiling "target/cljsbuild/public/js/app.js" from ("src/cljc" "src/cljs" "env/dev/cljs")...
[31mCompiling "target/cljsbuild/public/js/app.js" failed.
[0mERROR: Unmatched delimiter ) on file /home/ansku/sorsat/guestbook/guestbook/src/cljs/guestbook/core.cljs, line 22, column 52
[32mSuccessfully compiled "target/cljsbuild/public/js/app.js" in 0.13 seconds.[0m
[0mCompiling "target/cljsbuild/public/js/app.js" from ("src/cljc" "src/cljs" "env/dev/cljs")...
notifying browser that file changed:  out/guestbook/core.js
[32mSuccessfully compiled "target/cljsbuild/public/js/app.js" in 0.188 seconds.[0m
[0mCompiling "target/cljsbuild/public/js/app.js" from ("src/cljc" "src/cljs" "env/dev/cljs")...
notifying browser that file changed:  target/cljsbuild/public/js/out/goog/deps.js
notifying browser that file changed:  target/cljsbuild/public/js/out/cljs_deps.js
notifying browser that file changed:  out/guestbook/core.js
[32mSuccessfully compiled "target/cljsbuild/public/js/app.js" in 0.373 seconds.[0m
[0mCompiling "target/cljsbuild/public/js/app.js" from ("src/cljc" "src/cljs" "env/dev/cljs")...
WARNING: Wrong number of args (0) passed to reagent.core/atom at line 30 src/cljs/guestbook/core.cljs
notifying browser that file changed:  out/guestbook/core.js
[32mSuccessfully compiled "target/cljsbuild/public/js/app.js" in 0.23 seconds.[0m
[0mCompiling "target/cljsbuild/public/js/app.js" from ("src/cljc" "src/cljs" "env/dev/cljs")...
notifying browser that file changed:  out/guestbook/core.js
[32mSuccessfully compiled "target/cljsbuild/public/js/app.js" in 0.31 seconds.[0m
[0mCompiling "target/cljsbuild/public/js/app.js" from ("src/cljc" "src/cljs" "env/dev/cljs")...
notifying browser that file changed:  out/guestbook/core.js
[32mSuccessfully compiled "target/cljsbuild/public/js/app.js" in 0.26 seconds.[0m
[0mCompiling "target/cljsbuild/public/js/app.js" from ("src/cljc" "src/cljs" "env/dev/cljs")...
notifying browser that file changed:  out/guestbook/core.js
[32mSuccessfully compiled "target/cljsbuild/public/js/app.js" in 0.266 seconds.[0m
[0mCompiling "target/cljsbuild/public/js/app.js" from ("src/cljc" "src/cljs" "env/dev/cljs")...
notifying browser that file changed:  out/guestbook/core.js
[32mSuccessfully compiled "target/cljsbuild/public/js/app.js" in 0.2 seconds.[0m
[0mCompiling "target/cljsbuild/public/js/app.js" from ("src/cljc" "src/cljs" "env/dev/cljs")...
WARNING: Use of undeclared Var guestbook.core/guest at line 33 src/cljs/guestbook/core.cljs
notifying browser that file changed:  out/guestbook/core.js
[32mSuccessfully compiled "target/cljsbuild/public/js/app.js" in 0.181 seconds.[0m
[0mCompiling "target/cljsbuild/public/js/app.js" from ("src/cljc" "src/cljs" "env/dev/cljs")...
notifying browser that file changed:  out/guestbook/core.js
[32mSuccessfully compiled "target/cljsbuild/public/js/app.js" in 0.173 seconds.[0m
[0mCompiling "target/cljsbuild/public/js/app.js" from ("src/cljc" "src/cljs" "env/dev/cljs")...
notifying browser that file changed:  out/guestbook/core.js
[32mSuccessfully compiled "target/cljsbuild/public/js/app.js" in 0.215 seconds.[0m
[0mCompiling "target/cljsbuild/public/js/app.js" from ("src/cljc" "src/cljs" "env/dev/cljs")...
notifying browser that file changed:  out/guestbook/core.js
[32mSuccessfully compiled "target/cljsbuild/public/js/app.js" in 0.205 seconds.[0m
[0mCompiling "target/cljsbuild/public/js/app.js" from ("src/cljc" "src/cljs" "env/dev/cljs")...
notifying browser that file changed:  out/guestbook/core.js
[32mSuccessfully compiled "target/cljsbuild/public/js/app.js" in 0.155 seconds.[0m
[0mCompiling "target/cljsbuild/public/js/app.js" from ("src/cljc" "src/cljs" "env/dev/cljs")...
notifying browser that file changed:  out/guestbook/core.js
[32mSuccessfully compiled "target/cljsbuild/public/js/app.js" in 0.171 seconds.[0m
[0mCompiling "target/cljsbuild/public/js/app.js" from ("src/cljc" "src/cljs" "env/dev/cljs")...
notifying browser that file changed:  out/guestbook/core.js
[32mSuccessfully compiled "target/cljsbuild/public/js/app.js" in 0.168 seconds.[0m
[0mCompiling "target/cljsbuild/public/js/app.js" from ("src/cljc" "src/cljs" "env/dev/cljs")...
notifying browser that file changed:  out/guestbook/core.js
[32mSuccessfully compiled "target/cljsbuild/public/js/app.js" in 0.162 seconds.[0m
[0mCompiling "target/cljsbuild/public/js/app.js" from ("src/cljc" "src/cljs" "env/dev/cljs")...
[31mCompiling "target/cljsbuild/public/js/app.js" failed.
[0mERROR: Map literal must contain an even number of forms on file /home/ansku/sorsat/guestbook/guestbook/src/cljs/guestbook/core.cljs, line 38, column 11
[32mSuccessfully compiled "target/cljsbuild/public/js/app.js" in 0.134 seconds.[0m
[0mCompiling "target/cljsbuild/public/js/app.js" from ("src/cljc" "src/cljs" "env/dev/cljs")...
WARNING: Wrong number of args (0) passed to cljs.core/swap! at line 38 src/cljs/guestbook/core.cljs
notifying browser that file changed:  out/guestbook/core.js
[32mSuccessfully compiled "target/cljsbuild/public/js/app.js" in 0.184 seconds.[0m
[0mCompiling "target/cljsbuild/public/js/app.js" from ("src/cljc" "src/cljs" "env/dev/cljs")...
notifying browser that file changed:  out/guestbook/core.js
[32mSuccessfully compiled "target/cljsbuild/public/js/app.js" in 0.154 seconds.[0m
[0mCompiling "target/cljsbuild/public/js/app.js" from ("src/cljc" "src/cljs" "env/dev/cljs")...
notifying browser that file changed:  out/guestbook/core.js
[32mSuccessfully compiled "target/cljsbuild/public/js/app.js" in 0.164 seconds.[0m
[0mCompiling "target/cljsbuild/public/js/app.js" from ("src/cljc" "src/cljs" "env/dev/cljs")...
[31mCompiling "target/cljsbuild/public/js/app.js" failed.
[0mERROR: Unmatched delimiter } on file /home/ansku/sorsat/guestbook/guestbook/src/cljs/guestbook/core.cljs, line 40, column 32
[32mSuccessfully compiled "target/cljsbuild/public/js/app.js" in 0.121 seconds.[0m
[0mCompiling "target/cljsbuild/public/js/app.js" from ("src/cljc" "src/cljs" "env/dev/cljs")...
notifying browser that file changed:  out/guestbook/core.js
[32mSuccessfully compiled "target/cljsbuild/public/js/app.js" in 0.144 seconds.[0m
[0mCompiling "target/cljsbuild/public/js/app.js" from ("src/cljc" "src/cljs" "env/dev/cljs")...
notifying browser that file changed:  out/guestbook/core.js
[32mSuccessfully compiled "target/cljsbuild/public/js/app.js" in 0.159 seconds.[0m
[0mCompiling "target/cljsbuild/public/js/app.js" from ("src/cljc" "src/cljs" "env/dev/cljs")...
notifying browser that file changed:  out/guestbook/core.js
[32mSuccessfully compiled "target/cljsbuild/public/js/app.js" in 0.154 seconds.[0m
[0mCompiling "target/cljsbuild/public/js/app.js" from ("src/cljc" "src/cljs" "env/dev/cljs")...
notifying browser that file changed:  out/guestbook/core.js
[32mSuccessfully compiled "target/cljsbuild/public/js/app.js" in 0.199 seconds.[0m
[0mCompiling "target/cljsbuild/public/js/app.js" from ("src/cljc" "src/cljs" "env/dev/cljs")...
notifying browser that file changed:  target/cljsbuild/public/js/out/goog/deps.js
notifying browser that file changed:  target/cljsbuild/public/js/out/cljs_deps.js
notifying browser that file changed:  out/guestbook/core.js
[32mSuccessfully compiled "target/cljsbuild/public/js/app.js" in 1.531 seconds.[0m
[0mCompiling "target/cljsbuild/public/js/app.js" from ("src/cljc" "src/cljs" "env/dev/cljs")...
notifying browser that file changed:  target/cljsbuild/public/js/out/goog/deps.js
notifying browser that file changed:  target/cljsbuild/public/js/out/cljs_deps.js
notifying browser that file changed:  out/guestbook/core.js
[32mSuccessfully compiled "target/cljsbuild/public/js/app.js" in 1.407 seconds.[0m
[0mCompiling "target/cljsbuild/public/js/app.js" from ("src/cljc" "src/cljs" "env/dev/cljs")...
notifying browser that file changed:  out/guestbook/core.js
[32mSuccessfully compiled "target/cljsbuild/public/js/app.js" in 0.3 seconds.[0m
[0mCompiling "target/cljsbuild/public/js/app.js" from ("src/cljc" "src/cljs" "env/dev/cljs")...
notifying browser that file changed:  out/guestbook/core.js
[32mSuccessfully compiled "target/cljsbuild/public/js/app.js" in 0.241 seconds.[0m
[0mCompiling "target/cljsbuild/public/js/app.js" from ("src/cljc" "src/cljs" "env/dev/cljs")...
notifying browser that file changed:  out/guestbook/core.js
[32mSuccessfully compiled "target/cljsbuild/public/js/app.js" in 0.196 seconds.[0m
[0mCompiling "target/cljsbuild/public/js/app.js" from ("src/cljc" "src/cljs" "env/dev/cljs")...
notifying browser that file changed:  out/guestbook/core.js
[32mSuccessfully compiled "target/cljsbuild/public/js/app.js" in 0.244 seconds.[0m
[0mCompiling "target/cljsbuild/public/js/app.js" from ("src/cljc" "src/cljs" "env/dev/cljs")...
notifying browser that file changed:  out/guestbook/core.js
[32mSuccessfully compiled "target/cljsbuild/public/js/app.js" in 0.198 seconds.[0m
[0mCompiling "target/cljsbuild/public/js/app.js" from ("src/cljc" "src/cljs" "env/dev/cljs")...
notifying browser that file changed:  out/guestbook/core.js
[32mSuccessfully compiled "target/cljsbuild/public/js/app.js" in 0.184 seconds.[0m
[0mCompiling "target/cljsbuild/public/js/app.js" from ("src/cljc" "src/cljs" "env/dev/cljs")...
notifying browser that file changed:  out/guestbook/core.js
[32mSuccessfully compiled "target/cljsbuild/public/js/app.js" in 0.23 seconds.[0m
[0mCompiling "target/cljsbuild/public/js/app.js" from ("src/cljc" "src/cljs" "env/dev/cljs")...
notifying browser that file changed:  out/guestbook/core.js
[32mSuccessfully compiled "target/cljsbuild/public/js/app.js" in 0.285 seconds.[0m
[0mCompiling "target/cljsbuild/public/js/app.js" from ("src/cljc" "src/cljs" "env/dev/cljs")...
notifying browser that file changed:  out/guestbook/core.js
[32mSuccessfully compiled "target/cljsbuild/public/js/app.js" in 0.175 seconds.[0m
[0mCompiling "target/cljsbuild/public/js/app.js" from ("src/cljc" "src/cljs" "env/dev/cljs")...
notifying browser that file changed:  out/guestbook/core.js
[32mSuccessfully compiled "target/cljsbuild/public/js/app.js" in 0.191 seconds.[0m
[0mCompiling "target/cljsbuild/public/js/app.js" from ("src/cljc" "src/cljs" "env/dev/cljs")...
notifying browser that file changed:  out/guestbook/core.js
[32mSuccessfully compiled "target/cljsbuild/public/js/app.js" in 0.171 seconds.[0m
[0mCompiling "target/cljsbuild/public/js/app.js" from ("src/cljc" "src/cljs" "env/dev/cljs")...
notifying browser that file changed:  out/guestbook/core.js
[32mSuccessfully compiled "target/cljsbuild/public/js/app.js" in 0.17 seconds.[0m
[0mCompiling "target/cljsbuild/public/js/app.js" from ("src/cljc" "src/cljs" "env/dev/cljs")...
notifying browser that file changed:  out/guestbook/core.js
[32mSuccessfully compiled "target/cljsbuild/public/js/app.js" in 0.184 seconds.[0m
[0mCompiling "target/cljsbuild/public/js/app.js" from ("src/cljc" "src/cljs" "env/dev/cljs")...
notifying browser that file changed:  out/guestbook/core.js
[32mSuccessfully compiled "target/cljsbuild/public/js/app.js" in 0.2 seconds.[0m
[0mCompiling "target/cljsbuild/public/js/app.js" from ("src/cljc" "src/cljs" "env/dev/cljs")...
WARNING: Use of undeclared Var guestbook.core/form at line 34 /home/ansku/sorsat/guestbook/guestbook/src/cljs/guestbook/core.cljs
WARNING: Use of undeclared Var guestbook.core/form at line 36 /home/ansku/sorsat/guestbook/guestbook/src/cljs/guestbook/core.cljs
notifying browser that file changed:  out/guestbook/core.js
[32mSuccessfully compiled "target/cljsbuild/public/js/app.js" in 0.194 seconds.[0m
[0mCompiling "target/cljsbuild/public/js/app.js" from ("src/cljc" "src/cljs" "env/dev/cljs")...
notifying browser that file changed:  out/guestbook/core.js
[32mSuccessfully compiled "target/cljsbuild/public/js/app.js" in 0.159 seconds.[0m
[0mCompiling "target/cljsbuild/public/js/app.js" from ("src/cljc" "src/cljs" "env/dev/cljs")...
notifying browser that file changed:  out/guestbook/core.js
[32mSuccessfully compiled "target/cljsbuild/public/js/app.js" in 0.223 seconds.[0m
[0mCompiling "target/cljsbuild/public/js/app.js" from ("src/cljc" "src/cljs" "env/dev/cljs")...
notifying browser that file changed:  out/guestbook/core.js
[32mSuccessfully compiled "target/cljsbuild/public/js/app.js" in 0.213 seconds.[0m
[0mCompiling "target/cljsbuild/public/js/app.js" from ("src/cljc" "src/cljs" "env/dev/cljs")...
notifying browser that file changed:  out/guestbook/core.js
[32mSuccessfully compiled "target/cljsbuild/public/js/app.js" in 0.163 seconds.[0m
[0mCompiling "target/cljsbuild/public/js/app.js" from ("src/cljc" "src/cljs" "env/dev/cljs")...
notifying browser that file changed:  out/guestbook/core.js
[32mSuccessfully compiled "target/cljsbuild/public/js/app.js" in 0.166 seconds.[0m
[0mCompiling "target/cljsbuild/public/js/app.js" from ("src/cljc" "src/cljs" "env/dev/cljs")...
notifying browser that file changed:  out/guestbook/core.js
[32mSuccessfully compiled "target/cljsbuild/public/js/app.js" in 0.179 seconds.[0m
[0mCompiling "target/cljsbuild/public/js/app.js" from ("src/cljc" "src/cljs" "env/dev/cljs")...
notifying browser that file changed:  out/guestbook/core.js
[32mSuccessfully compiled "target/cljsbuild/public/js/app.js" in 0.159 seconds.[0m
[0mCompiling "target/cljsbuild/public/js/app.js" from ("src/cljc" "src/cljs" "env/dev/cljs")...
notifying browser that file changed:  out/guestbook/core.js
[32mSuccessfully compiled "target/cljsbuild/public/js/app.js" in 0.156 seconds.[0m
[0mCompiling "target/cljsbuild/public/js/app.js" from ("src/cljc" "src/cljs" "env/dev/cljs")...
notifying browser that file changed:  out/guestbook/core.js
[32mSuccessfully compiled "target/cljsbuild/public/js/app.js" in 0.172 seconds.[0m
[0mCompiling "target/cljsbuild/public/js/app.js" from ("src/cljc" "src/cljs" "env/dev/cljs")...
notifying browser that file changed:  out/guestbook/core.js
[32mSuccessfully compiled "target/cljsbuild/public/js/app.js" in 0.191 seconds.[0m
[0mCompiling "target/cljsbuild/public/js/app.js" from ("src/cljc" "src/cljs" "env/dev/cljs")...
notifying browser that file changed:  out/guestbook/core.js
[32mSuccessfully compiled "target/cljsbuild/public/js/app.js" in 0.173 seconds.[0m
[0mCompiling "target/cljsbuild/public/js/app.js" from ("src/cljc" "src/cljs" "env/dev/cljs")...
notifying browser that file changed:  out/guestbook/core.js
[32mSuccessfully compiled "target/cljsbuild/public/js/app.js" in 0.175 seconds.[0m
[0mCompiling "target/cljsbuild/public/js/app.js" from ("src/cljc" "src/cljs" "env/dev/cljs")...
notifying browser that file changed:  out/guestbook/core.js
[32mSuccessfully compiled "target/cljsbuild/public/js/app.js" in 0.173 seconds.[0m
[0mCompiling "target/cljsbuild/public/js/app.js" from ("src/cljc" "src/cljs" "env/dev/cljs")...
notifying browser that file changed:  out/guestbook/core.js
[32mSuccessfully compiled "target/cljsbuild/public/js/app.js" in 0.16 seconds.[0m
[0mCompiling "target/cljsbuild/public/js/app.js" from ("src/cljc" "src/cljs" "env/dev/cljs")...
notifying browser that file changed:  out/guestbook/core.js
[32mSuccessfully compiled "target/cljsbuild/public/js/app.js" in 0.158 seconds.[0m
